<?xml version="1.0" encoding="UTF-8"?>
<testng-results skipped="0" failed="0" total="2" passed="2">
  <reporter-output>
  </reporter-output>
  <suite name="Suite" duration-ms="13722" started-at="2021-06-24T08:15:46Z" finished-at="2021-06-24T08:16:00Z">
    <groups>
    </groups>
    <test name="Test" duration-ms="13722" started-at="2021-06-24T08:15:46Z" finished-at="2021-06-24T08:16:00Z">
      <class name="testRest.TestAPI">
        <test-method status="PASS" signature="setUp()[pri:0, instance:testRest.TestAPI@1fdc050]" name="setUp" is-config="true" duration-ms="8071" started-at="2021-06-24T13:45:47Z" finished-at="2021-06-24T13:45:55Z">
          <reporter-output>
          </reporter-output>
        </test-method> <!-- setUp -->
        <test-method status="PASS" signature="getAllUsers()[pri:0, instance:testRest.TestAPI@1fdc050]" name="getAllUsers" duration-ms="3302" started-at="2021-06-24T13:45:55Z" finished-at="2021-06-24T13:45:58Z">
          <reporter-output>
          </reporter-output>
        </test-method> <!-- getAllUsers -->
        <test-method status="PASS" signature="deleteUser()[pri:0, instance:testRest.TestAPI@1fdc050]" name="deleteUser" duration-ms="2330" started-at="2021-06-24T13:45:58Z" depends-on-methods="testRest.TestAPI.getAllUsers" finished-at="2021-06-24T13:46:00Z">
          <reporter-output>
          </reporter-output>
        </test-method> <!-- deleteUser -->
      </class> <!-- testRest.TestAPI -->
    </test> <!-- Test -->
  </suite> <!-- Suite -->
</testng-results>
